Info: Starting: Create block symbol file (.bsf)
Info: qsys-generate "C:\Users\Nathan Nguyendinh\Documents\Quartus_Projects\DAV\DAV\ADC_25Mhz.qsys" --block-symbol-file --output-directory="C:\Users\Nathan Nguyendinh\Documents\Quartus_Projects\DAV\DAV\ADC_25Mhz" --family="MAX 10" --part=10M50DAF484C7G
Progress: Loading DAV/ADC_25Mhz.qsys
Progress: Reading input file
Progress: Adding adc_mega_0 [altera_up_avalon_adc_mega 18.0]
Progress: Parameterizing module adc_mega_0
Progress: Building connections
Progress: Parameterizing connections
Progress: Validating
Progress: Done reading input file
Info: qsys-generate succeeded.
Info: Finished: Create block symbol file (.bsf)
Info: 
Info: Starting: Create HDL design files for synthesis
Info: qsys-generate "C:\Users\Nathan Nguyendinh\Documents\Quartus_Projects\DAV\DAV\ADC_25Mhz.qsys" --synthesis=VERILOG --output-directory="C:\Users\Nathan Nguyendinh\Documents\Quartus_Projects\DAV\DAV\ADC_25Mhz\synthesis" --family="MAX 10" --part=10M50DAF484C7G
Progress: Loading DAV/ADC_25Mhz.qsys
Progress: Reading input file
Progress: Adding adc_mega_0 [altera_up_avalon_adc_mega 18.0]
Progress: Parameterizing module adc_mega_0
Progress: Building connections
Progress: Parameterizing connections
Progress: Validating
Progress: Done reading input file
Info: ADC_25Mhz: Generating ADC_25Mhz "ADC_25Mhz" for QUARTUS_SYNTH
Info: adc_mega_0: Starting Generation of ADC Controller for DE-series Board
Warning: adc_mega_0: add_file from generate callback added file altera_modular_adc_control.v with wrong prefix; use [get_generation_property output_name] to get correct prefix
Warning: adc_mega_0: add_file on static file C:/intelfpga_lite/21.1/ip/altera/university_program/input_output/altera_up_avalon_adc/hdl/de10/altera_modular_adc_control.v from generate callback is unsafe; add static files from main program
Warning: adc_mega_0: add_file from generate callback added file altera_modular_adc_control_avrg_fifo.v with wrong prefix; use [get_generation_property output_name] to get correct prefix
Warning: adc_mega_0: add_file on static file C:/intelfpga_lite/21.1/ip/altera/university_program/input_output/altera_up_avalon_adc/hdl/de10/altera_modular_adc_control_avrg_fifo.v from generate callback is unsafe; add static files from main program
Warning: adc_mega_0: add_file from generate callback added file altera_modular_adc_control_fsm.v with wrong prefix; use [get_generation_property output_name] to get correct prefix
Warning: adc_mega_0: add_file on static file C:/intelfpga_lite/21.1/ip/altera/university_program/input_output/altera_up_avalon_adc/hdl/de10/altera_modular_adc_control_fsm.v from generate callback is unsafe; add static files from main program
Warning: adc_mega_0: add_file from generate callback added file altera_modular_adc_sample_store.v with wrong prefix; use [get_generation_property output_name] to get correct prefix
Warning: adc_mega_0: add_file on static file C:/intelfpga_lite/21.1/ip/altera/university_program/input_output/altera_up_avalon_adc/hdl/de10/altera_modular_adc_sample_store.v from generate callback is unsafe; add static files from main program
Warning: adc_mega_0: add_file from generate callback added file altera_modular_adc_sample_store_ram.v with wrong prefix; use [get_generation_property output_name] to get correct prefix
Warning: adc_mega_0: add_file on static file C:/intelfpga_lite/21.1/ip/altera/university_program/input_output/altera_up_avalon_adc/hdl/de10/altera_modular_adc_sample_store_ram.v from generate callback is unsafe; add static files from main program
Warning: adc_mega_0: add_file from generate callback added file altera_modular_adc_sequencer.v with wrong prefix; use [get_generation_property output_name] to get correct prefix
Warning: adc_mega_0: add_file on static file C:/intelfpga_lite/21.1/ip/altera/university_program/input_output/altera_up_avalon_adc/hdl/de10/altera_modular_adc_sequencer.v from generate callback is unsafe; add static files from main program
Warning: adc_mega_0: add_file from generate callback added file altera_modular_adc_sequencer_csr.v with wrong prefix; use [get_generation_property output_name] to get correct prefix
Warning: adc_mega_0: add_file on static file C:/intelfpga_lite/21.1/ip/altera/university_program/input_output/altera_up_avalon_adc/hdl/de10/altera_modular_adc_sequencer_csr.v from generate callback is unsafe; add static files from main program
Warning: adc_mega_0: add_file from generate callback added file altera_modular_adc_sequencer_ctrl.v with wrong prefix; use [get_generation_property output_name] to get correct prefix
Warning: adc_mega_0: add_file on static file C:/intelfpga_lite/21.1/ip/altera/university_program/input_output/altera_up_avalon_adc/hdl/de10/altera_modular_adc_sequencer_ctrl.v from generate callback is unsafe; add static files from main program
Warning: adc_mega_0: add_file from generate callback added file chsel_code_converter_sw_to_hw.v with wrong prefix; use [get_generation_property output_name] to get correct prefix
Warning: adc_mega_0: add_file on static file C:/intelfpga_lite/21.1/ip/altera/university_program/input_output/altera_up_avalon_adc/hdl/de10/chsel_code_converter_sw_to_hw.v from generate callback is unsafe; add static files from main program
Warning: adc_mega_0: add_file from generate callback added file DE10_Lite_ADC_Core_modular_adc_0.v with wrong prefix; use [get_generation_property output_name] to get correct prefix
Warning: adc_mega_0: add_file on static file C:/intelfpga_lite/21.1/ip/altera/university_program/input_output/altera_up_avalon_adc/hdl/de10/DE10_Lite_ADC_Core_modular_adc_0.v from generate callback is unsafe; add static files from main program
Warning: adc_mega_0: add_file from generate callback added file fiftyfivenm_adcblock_primitive_wrapper.v with wrong prefix; use [get_generation_property output_name] to get correct prefix
Warning: adc_mega_0: add_file on static file C:/intelfpga_lite/21.1/ip/altera/university_program/input_output/altera_up_avalon_adc/hdl/de10/fiftyfivenm_adcblock_primitive_wrapper.v from generate callback is unsafe; add static files from main program
Warning: adc_mega_0: add_file from generate callback added file fiftyfivenm_adcblock_top_wrapper.v with wrong prefix; use [get_generation_property output_name] to get correct prefix
Warning: adc_mega_0: add_file on static file C:/intelfpga_lite/21.1/ip/altera/university_program/input_output/altera_up_avalon_adc/hdl/de10/fiftyfivenm_adcblock_top_wrapper.v from generate callback is unsafe; add static files from main program
Info: adc_mega_0: C:/intelfpga_lite/21.1/ip/altera/university_program/input_output/altera_up_avalon_adc/hdl/altera_up_avalon_adv_adc.v C:/intelfpga_lite/21.1/ip/altera/university_program/input_output/altera_up_avalon_adc/hdl/de10/altera_modular_adc_control.v C:/intelfpga_lite/21.1/ip/altera/university_program/input_output/altera_up_avalon_adc/hdl/de10/altera_modular_adc_control_avrg_fifo.v C:/intelfpga_lite/21.1/ip/altera/university_program/input_output/altera_up_avalon_adc/hdl/de10/altera_modular_adc_control_fsm.v C:/intelfpga_lite/21.1/ip/altera/university_program/input_output/altera_up_avalon_adc/hdl/de10/altera_modular_adc_sample_store.v C:/intelfpga_lite/21.1/ip/altera/university_program/input_output/altera_up_avalon_adc/hdl/de10/altera_modular_adc_sample_store_ram.v C:/intelfpga_lite/21.1/ip/altera/university_program/input_output/altera_up_avalon_adc/hdl/de10/altera_modular_adc_sequencer.v C:/intelfpga_lite/21.1/ip/altera/university_program/input_output/altera_up_avalon_adc/hdl/de10/altera_modular_adc_sequencer_csr.v C:/intelfpga_lite/21.1/ip/altera/university_program/input_output/altera_up_avalon_adc/hdl/de10/altera_modular_adc_sequencer_ctrl.v C:/intelfpga_lite/21.1/ip/altera/university_program/input_output/altera_up_avalon_adc/hdl/de10/chsel_code_converter_sw_to_hw.v C:/intelfpga_lite/21.1/ip/altera/university_program/input_output/altera_up_avalon_adc/hdl/de10/DE10_Lite_ADC_Core_modular_adc_0.v C:/intelfpga_lite/21.1/ip/altera/university_program/input_output/altera_up_avalon_adc/hdl/de10/fiftyfivenm_adcblock_primitive_wrapper.v C:/intelfpga_lite/21.1/ip/altera/university_program/input_output/altera_up_avalon_adc/hdl/de10/fiftyfivenm_adcblock_top_wrapper.v C:/Users/NATHAN~1/AppData/Local/Temp/alt9581_5855457080447212096.dir/0002_sopcgen/ADC_25Mhz_adc_mega_0.v
Info: adc_mega_0: "ADC_25Mhz" instantiated altera_up_avalon_adc_mega "adc_mega_0"
Info: ADC_25Mhz: Done "ADC_25Mhz" with 2 modules, 15 files
Info: qsys-generate succeeded.
Info: Finished: Create HDL design files for synthesis
