Flow report for DAV
Wed Jun  5 18:52:49 2024
Quartus Prime Version 21.1.0 Build 842 10/21/2021 SJ Lite Edition


---------------------
; Table of Contents ;
---------------------
  1. Legal Notice
  2. Flow Summary
  3. Flow Settings
  4. Flow Non-Default Global Settings
  5. Flow Elapsed Time
  6. Flow OS Summary
  7. Flow Log
  8. Flow Messages
  9. Flow Suppressed Messages



----------------
; Legal Notice ;
----------------
Copyright (C) 2021  Intel Corporation. All rights reserved.
Your use of Intel Corporation's design tools, logic functions 
and other software and tools, and any partner logic 
functions, and any output files from any of the foregoing 
(including device programming or simulation files), and any 
associated documentation or information are expressly subject 
to the terms and conditions of the Intel Program License 
Subscription Agreement, the Intel Quartus Prime License Agreement,
the Intel FPGA IP License Agreement, or other applicable license
agreement, including, without limitation, that your use is for
the sole purpose of programming logic devices manufactured by
Intel and sold by Intel or its authorized distributors.  Please
refer to the applicable agreement for further details, at
https://fpgasoftware.intel.com/eula.



+----------------------------------------------------------------------------------+
; Flow Summary                                                                     ;
+------------------------------------+---------------------------------------------+
; Flow Status                        ; Successful - Wed Jun  5 18:52:49 2024       ;
; Quartus Prime Version              ; 21.1.0 Build 842 10/21/2021 SJ Lite Edition ;
; Revision Name                      ; DAV                                         ;
; Top-level Entity Name              ; DAV_top                                     ;
; Family                             ; MAX 10                                      ;
; Device                             ; 10M50DAF484C7G                              ;
; Timing Models                      ; Final                                       ;
; Total logic elements               ; 2,627 / 49,760 ( 5 % )                      ;
;     Total combinational functions  ; 2,246 / 49,760 ( 5 % )                      ;
;     Dedicated logic registers      ; 1,247 / 49,760 ( 3 % )                      ;
; Total registers                    ; 1247                                        ;
; Total pins                         ; 27 / 360 ( 8 % )                            ;
; Total virtual pins                 ; 0                                           ;
; Total memory bits                  ; 768 / 1,677,312 ( < 1 % )                   ;
; Embedded Multiplier 9-bit elements ; 60 / 288 ( 21 % )                           ;
; Total PLLs                         ; 2 / 4 ( 50 % )                              ;
; UFM blocks                         ; 0 / 1 ( 0 % )                               ;
; ADC blocks                         ; 1 / 2 ( 50 % )                              ;
+------------------------------------+---------------------------------------------+


+-----------------------------------------+
; Flow Settings                           ;
+-------------------+---------------------+
; Option            ; Setting             ;
+-------------------+---------------------+
; Start date & time ; 06/05/2024 18:51:23 ;
; Main task         ; Compilation         ;
; Revision Name     ; DAV                 ;
+-------------------+---------------------+


+---------------------------------------------------------------------------------------------------------------------------------------------------------------------+
; Flow Non-Default Global Settings                                                                                                                                    ;
+-------------------------------------+-------------------------------------------------------------+---------------+-------------+-----------------------------------+
; Assignment Name                     ; Value                                                       ; Default Value ; Entity Name ; Section Id                        ;
+-------------------------------------+-------------------------------------------------------------+---------------+-------------+-----------------------------------+
; COMPILER_SIGNATURE_ID               ; 26552720376466.171763868329504                              ; --            ; --          ; --                                ;
; EDA_GENERATE_FUNCTIONAL_NETLIST     ; Off                                                         ; --            ; --          ; eda_board_design_timing           ;
; EDA_GENERATE_FUNCTIONAL_NETLIST     ; Off                                                         ; --            ; --          ; eda_board_design_boundary_scan    ;
; EDA_GENERATE_FUNCTIONAL_NETLIST     ; Off                                                         ; --            ; --          ; eda_board_design_signal_integrity ;
; EDA_GENERATE_FUNCTIONAL_NETLIST     ; Off                                                         ; --            ; --          ; eda_board_design_symbol           ;
; EDA_OUTPUT_DATA_FORMAT              ; Systemverilog Hdl                                           ; --            ; --          ; eda_simulation                    ;
; EDA_SIMULATION_TOOL                 ; Questa Intel FPGA (SystemVerilog)                           ; <None>        ; --          ; --                                ;
; EDA_TIME_SCALE                      ; 1 ps                                                        ; --            ; --          ; eda_simulation                    ;
; MAX_CORE_JUNCTION_TEMP              ; 85                                                          ; --            ; --          ; --                                ;
; MIN_CORE_JUNCTION_TEMP              ; 0                                                           ; --            ; --          ; --                                ;
; MISC_FILE                           ; ADC_10MHz/synthesis/../ADC_10MHz.cmp                        ; --            ; --          ; --                                ;
; MISC_FILE                           ; ADC_10MHz/synthesis/../../ADC_10MHz.qsys                    ; --            ; --          ; --                                ;
; MISC_FILE                           ; pll_bb.v                                                    ; --            ; --          ; --                                ;
; MISC_FILE                           ; pll.ppf                                                     ; --            ; --          ; --                                ;
; PARTITION_COLOR                     ; -- (Not supported for targeted family)                      ; --            ; DAV_top     ; Top                               ;
; PARTITION_FITTER_PRESERVATION_LEVEL ; -- (Not supported for targeted family)                      ; --            ; DAV_top     ; Top                               ;
; PARTITION_NETLIST_TYPE              ; -- (Not supported for targeted family)                      ; --            ; DAV_top     ; Top                               ;
; POWER_BOARD_THERMAL_MODEL           ; None (CONSERVATIVE)                                         ; --            ; --          ; --                                ;
; POWER_PRESET_COOLING_SOLUTION       ; 23 MM HEAT SINK WITH 200 LFPM AIRFLOW                       ; --            ; --          ; --                                ;
; PROJECT_OUTPUT_DIRECTORY            ; output_files                                                ; --            ; --          ; --                                ;
; SLD_FILE                            ; ADC_10MHz/synthesis/ADC_10MHz.debuginfo                     ; --            ; --          ; --                                ;
; SLD_INFO                            ; QSYS_NAME ADC_10MHz HAS_SOPCINFO 1 GENERATION_ID 1715830767 ; --            ; ADC_10MHz   ; --                                ;
; SOPCINFO_FILE                       ; ADC_10MHz/synthesis/../../ADC_10MHz.sopcinfo                ; --            ; --          ; --                                ;
; SYNTHESIS_ONLY_QIP                  ; On                                                          ; --            ; --          ; --                                ;
; TOP_LEVEL_ENTITY                    ; DAV_top                                                     ; DAV           ; --          ; --                                ;
+-------------------------------------+-------------------------------------------------------------+---------------+-------------+-----------------------------------+


+--------------------------------------------------------------------------------------------------------------------------+
; Flow Elapsed Time                                                                                                        ;
+----------------------+--------------+-------------------------+---------------------+------------------------------------+
; Module Name          ; Elapsed Time ; Average Processors Used ; Peak Virtual Memory ; Total CPU Time (on all processors) ;
+----------------------+--------------+-------------------------+---------------------+------------------------------------+
; Analysis & Synthesis ; 00:00:30     ; 1.0                     ; 4861 MB             ; 00:00:31                           ;
; Fitter               ; 00:00:47     ; 1.4                     ; 5690 MB             ; 00:00:34                           ;
; Assembler            ; 00:00:05     ; 1.0                     ; 4746 MB             ; 00:00:04                           ;
; Total                ; 00:01:22     ; --                      ; --                  ; 00:01:09                           ;
+----------------------+--------------+-------------------------+---------------------+------------------------------------+


+------------------------------------------------------------------------------------+
; Flow OS Summary                                                                    ;
+----------------------+------------------+------------+------------+----------------+
; Module Name          ; Machine Hostname ; OS Name    ; OS Version ; Processor type ;
+----------------------+------------------+------------+------------+----------------+
; Analysis & Synthesis ; DESKTOP-DFDSUSE  ; Windows 10 ; 10.0       ; x86_64         ;
; Fitter               ; DESKTOP-DFDSUSE  ; Windows 10 ; 10.0       ; x86_64         ;
; Assembler            ; DESKTOP-DFDSUSE  ; Windows 10 ; 10.0       ; x86_64         ;
+----------------------+------------------+------------+------------+----------------+


------------
; Flow Log ;
------------
quartus_map --read_settings_files=on --write_settings_files=off DAV -c DAV
quartus_fit --read_settings_files=off --write_settings_files=off DAV -c DAV
quartus_asm --read_settings_files=off --write_settings_files=off DAV -c DAV



